<?xml version="1.0" encoding="UTF-8"?>
<!-- Generated by org.testng.reporters.JUnitReportReporter -->
<testsuite hostname="Lenovo" name="test.dresspagetest" tests="3" failures="0" timestamp="13 Mar 2020 07:52:49 GMT" time="8.728" errors="0">
  <testcase name="sizediplay" time="0.453" classname="test.dresspagetest"/>
  <testcase name="productdisplay" time="0.218" classname="test.dresspagetest"/>
  <testcase name="addtoCart" time="8.057" classname="test.dresspagetest"/>
</testsuite> <!-- test.dresspagetest -->
