<?xml version="1.0" encoding="UTF-8"?>
<!-- Generated by org.testng.reporters.JUnitReportReporter -->
<testsuite hostname="Lenovo" name="test.productpagetest" tests="2" failures="0" timestamp="10 Mar 2020 05:41:02 GMT" time="10.357" errors="0">
  <testcase name="tweetsharedispaly" time="0.203" classname="test.productpagetest"/>
  <testcase name="description" time="10.154" classname="test.productpagetest"/>
</testsuite> <!-- test.productpagetest -->
