<?xml version="1.0" encoding="UTF-8"?>
<!-- Generated by org.testng.reporters.JUnitReportReporter -->
<testsuite hostname="Lenovo" name="test.ordertest" tests="1" failures="0" timestamp="12 Mar 2020 04:07:50 GMT" time="22.501" errors="0">
  <testcase name="checkprice" time="22.501" classname="test.ordertest"/>
</testsuite> <!-- test.ordertest -->
