<?xml version="1.0" encoding="UTF-8"?>
<!-- Generated by org.testng.reporters.JUnitReportReporter -->
<testsuite hostname="Lenovo" name="test.homepagetest" tests="3" failures="0" timestamp="13 Mar 2020 08:58:02 GMT" time="16.214" errors="0">
  <testcase name="verifyTabs" time="2.092" classname="test.homepagetest"/>
  <testcase name="verifymessage" time="5.865" classname="test.homepagetest"/>
  <testcase name="pagenavigation" time="8.257" classname="test.homepagetest"/>
</testsuite> <!-- test.homepagetest -->
